<?xml version="1.0" encoding="UTF-8"?>
<!-- Generated by org.testng.reporters.JUnitXMLReporter -->
<testsuite ignored="9" hostname="CBPC-09" failures="0" tests="12" name="Test1" time="17.94" errors="0" timestamp="2024-03-19T16:20:16 IST">
  <testcase classname="com.evs.vtiger.testScript.BaseClass" name="@BeforeMethod beforemethod" time="0.178">
    <failure type="org.openqa.selenium.NoSuchWindowException" message="no such window: target window already closed
from unknown error: web view not found
  (Session info: chrome=122.0.6261.129)
Build info: version: &amp;apos;4.12.0&amp;apos;, revision: &amp;apos;249f2a7d1b*&amp;apos;
System info: os.name: &amp;apos;Windows 10&amp;apos;, os.arch: &amp;apos;amd64&amp;apos;, os.version: &amp;apos;10.0&amp;apos;, java.version: &amp;apos;21.0.2&amp;apos;
Driver info: org.openqa.selenium.chrome.ChromeDriver
Command: [f9c5e45050a418891cafd81895b2fb8f, findElement {using=xpath, value=//input[@placeholder=&amp;apos;Email&amp;apos;]}]
Capabilities {acceptInsecureCerts: false, browserName: chrome, browserVersion: 122.0.6261.129, chrome: {chromedriverVersion: 122.0.6261.128 (f18a44fedeb..., userDataDir: C:\Users\CBPC-09\AppData\Lo...}, fedcm:accounts: true, goog:chromeOptions: {debuggerAddress: localhost:53937}, networkConnectionEnabled: false, pageLoadStrategy: normal, platformName: windows, proxy: Proxy(), se:cdp: ws://localhost:53937/devtoo..., se:cdpVersion: 122.0.6261.129, setWindowRect: true, strictFileInteractability: false, timeouts: {implicit: 0, pageLoad: 300000, script: 30000}, unhandledPromptBehavior: dismiss and notify, webauthn:extension:credBlob: true, webauthn:extension:largeBlob: true, webauthn:extension:minPinLength: true, webauthn:extension:prf: true, webauthn:virtualAuthenticators: true}
Session ID: f9c5e45050a418891cafd81895b2fb8f">
      <![CDATA[org.openqa.selenium.NoSuchWindowException: no such window: target window already closed
from unknown error: web view not found
  (Session info: chrome=122.0.6261.129)
Build info: version: '4.12.0', revision: '249f2a7d1b*'
System info: os.name: 'Windows 10', os.arch: 'amd64', os.version: '10.0', java.version: '21.0.2'
Driver info: org.openqa.selenium.chrome.ChromeDriver
Command: [f9c5e45050a418891cafd81895b2fb8f, findElement {using=xpath, value=//input[@placeholder='Email']}]
Capabilities {acceptInsecureCerts: false, browserName: chrome, browserVersion: 122.0.6261.129, chrome: {chromedriverVersion: 122.0.6261.128 (f18a44fedeb..., userDataDir: C:\Users\CBPC-09\AppData\Lo...}, fedcm:accounts: true, goog:chromeOptions: {debuggerAddress: localhost:53937}, networkConnectionEnabled: false, pageLoadStrategy: normal, platformName: windows, proxy: Proxy(), se:cdp: ws://localhost:53937/devtoo..., se:cdpVersion: 122.0.6261.129, setWindowRect: true, strictFileInteractability: false, timeouts: {implicit: 0, pageLoad: 300000, script: 30000}, unhandledPromptBehavior: dismiss and notify, webauthn:extension:credBlob: true, webauthn:extension:largeBlob: true, webauthn:extension:minPinLength: true, webauthn:extension:prf: true, webauthn:virtualAuthenticators: true}
Session ID: f9c5e45050a418891cafd81895b2fb8f
at org.openqa.selenium.remote.codec.w3c.W3CHttpResponseCodec.createException(W3CHttpResponseCodec.java:200)
at org.openqa.selenium.remote.codec.w3c.W3CHttpResponseCodec.decode(W3CHttpResponseCodec.java:133)
at org.openqa.selenium.remote.codec.w3c.W3CHttpResponseCodec.decode(W3CHttpResponseCodec.java:52)
at org.openqa.selenium.remote.HttpCommandExecutor.execute(HttpCommandExecutor.java:191)
at org.openqa.selenium.remote.service.DriverCommandExecutor.invokeExecute(DriverCommandExecutor.java:196)
at org.openqa.selenium.remote.service.DriverCommandExecutor.execute(DriverCommandExecutor.java:171)
at org.openqa.selenium.remote.RemoteWebDriver.execute(RemoteWebDriver.java:602)
at org.openqa.selenium.remote.ElementLocation$ElementFinder$2.findElement(ElementLocation.java:165)
at org.openqa.selenium.remote.ElementLocation.findElement(ElementLocation.java:59)
at org.openqa.selenium.remote.RemoteWebDriver.findElement(RemoteWebDriver.java:359)
at org.openqa.selenium.remote.RemoteWebDriver.findElement(RemoteWebDriver.java:353)
at org.openqa.selenium.support.pagefactory.DefaultElementLocator.findElement(DefaultElementLocator.java:68)
at org.openqa.selenium.support.pagefactory.internal.LocatingElementHandler.invoke(LocatingElementHandler.java:38)
at jdk.proxy2/jdk.proxy2.$Proxy22.getAccessibleName(Unknown Source)
at com.evs.vtiger.utils.KishanWebUtil.mySenkeys(KishanWebUtil.java:116)
at com.evs.vtiger.commonCodes.CommonResuableCode.validLogin(CommonResuableCode.java:19)
at com.evs.vtiger.testScript.BaseClass.beforemethod(BaseClass.java:58)
at java.base/java.util.ArrayList.forEach(ArrayList.java:1596)
... Removed 32 stack frames]]>
    </failure>
  </testcase> <!-- @BeforeMethod beforemethod -->
  <testcase classname="com.evs.vtiger.testScript.BaseClass" name="@AfterMethod aftermethod" time="-1.710845414097E9">
    <skipped/>
  </testcase> <!-- @AfterMethod aftermethod -->
  <testcase classname="com.evs.vtiger.testScript.BaseClass" name="@BeforeMethod beforemethod" time="-1.710845414102E9">
    <skipped/>
  </testcase> <!-- @BeforeMethod beforemethod -->
  <testcase classname="com.evs.vtiger.testScript.BaseClass" name="@AfterMethod aftermethod" time="-1.710845414109E9">
    <skipped/>
  </testcase> <!-- @AfterMethod aftermethod -->
  <testcase classname="com.evs.vtiger.testScript.BaseClass" name="@AfterClass afterclass" time="-1.710845414114E9">
    <skipped/>
  </testcase> <!-- @AfterClass afterclass -->
  <testcase classname="com.evs.vtiger.testScript.BaseClass" name="@BeforeMethod beforemethod" time="0.012">
    <failure type="org.openqa.selenium.NoSuchWindowException" message="no such window: target window already closed
from unknown error: web view not found
  (Session info: chrome=122.0.6261.129)
Build info: version: &amp;apos;4.12.0&amp;apos;, revision: &amp;apos;249f2a7d1b*&amp;apos;
System info: os.name: &amp;apos;Windows 10&amp;apos;, os.arch: &amp;apos;amd64&amp;apos;, os.version: &amp;apos;10.0&amp;apos;, java.version: &amp;apos;21.0.2&amp;apos;
Driver info: org.openqa.selenium.chrome.ChromeDriver
Command: [68ac568afb8ffe3f923baa3e7dbd57f9, findElement {using=xpath, value=//input[@placeholder=&amp;apos;Email&amp;apos;]}]
Capabilities {acceptInsecureCerts: false, browserName: chrome, browserVersion: 122.0.6261.129, chrome: {chromedriverVersion: 122.0.6261.128 (f18a44fedeb..., userDataDir: C:\Users\CBPC-09\AppData\Lo...}, fedcm:accounts: true, goog:chromeOptions: {debuggerAddress: localhost:53978}, networkConnectionEnabled: false, pageLoadStrategy: normal, platformName: windows, proxy: Proxy(), se:cdp: ws://localhost:53978/devtoo..., se:cdpVersion: 122.0.6261.129, setWindowRect: true, strictFileInteractability: false, timeouts: {implicit: 0, pageLoad: 300000, script: 30000}, unhandledPromptBehavior: dismiss and notify, webauthn:extension:credBlob: true, webauthn:extension:largeBlob: true, webauthn:extension:minPinLength: true, webauthn:extension:prf: true, webauthn:virtualAuthenticators: true}
Session ID: 68ac568afb8ffe3f923baa3e7dbd57f9">
      <![CDATA[org.openqa.selenium.NoSuchWindowException: no such window: target window already closed
from unknown error: web view not found
  (Session info: chrome=122.0.6261.129)
Build info: version: '4.12.0', revision: '249f2a7d1b*'
System info: os.name: 'Windows 10', os.arch: 'amd64', os.version: '10.0', java.version: '21.0.2'
Driver info: org.openqa.selenium.chrome.ChromeDriver
Command: [68ac568afb8ffe3f923baa3e7dbd57f9, findElement {using=xpath, value=//input[@placeholder='Email']}]
Capabilities {acceptInsecureCerts: false, browserName: chrome, browserVersion: 122.0.6261.129, chrome: {chromedriverVersion: 122.0.6261.128 (f18a44fedeb..., userDataDir: C:\Users\CBPC-09\AppData\Lo...}, fedcm:accounts: true, goog:chromeOptions: {debuggerAddress: localhost:53978}, networkConnectionEnabled: false, pageLoadStrategy: normal, platformName: windows, proxy: Proxy(), se:cdp: ws://localhost:53978/devtoo..., se:cdpVersion: 122.0.6261.129, setWindowRect: true, strictFileInteractability: false, timeouts: {implicit: 0, pageLoad: 300000, script: 30000}, unhandledPromptBehavior: dismiss and notify, webauthn:extension:credBlob: true, webauthn:extension:largeBlob: true, webauthn:extension:minPinLength: true, webauthn:extension:prf: true, webauthn:virtualAuthenticators: true}
Session ID: 68ac568afb8ffe3f923baa3e7dbd57f9
at org.openqa.selenium.remote.codec.w3c.W3CHttpResponseCodec.createException(W3CHttpResponseCodec.java:200)
at org.openqa.selenium.remote.codec.w3c.W3CHttpResponseCodec.decode(W3CHttpResponseCodec.java:133)
at org.openqa.selenium.remote.codec.w3c.W3CHttpResponseCodec.decode(W3CHttpResponseCodec.java:52)
at org.openqa.selenium.remote.HttpCommandExecutor.execute(HttpCommandExecutor.java:191)
at org.openqa.selenium.remote.service.DriverCommandExecutor.invokeExecute(DriverCommandExecutor.java:196)
at org.openqa.selenium.remote.service.DriverCommandExecutor.execute(DriverCommandExecutor.java:171)
at org.openqa.selenium.remote.RemoteWebDriver.execute(RemoteWebDriver.java:602)
at org.openqa.selenium.remote.ElementLocation$ElementFinder$2.findElement(ElementLocation.java:165)
at org.openqa.selenium.remote.ElementLocation.findElement(ElementLocation.java:59)
at org.openqa.selenium.remote.RemoteWebDriver.findElement(RemoteWebDriver.java:359)
at org.openqa.selenium.remote.RemoteWebDriver.findElement(RemoteWebDriver.java:353)
at org.openqa.selenium.support.pagefactory.DefaultElementLocator.findElement(DefaultElementLocator.java:68)
at org.openqa.selenium.support.pagefactory.internal.LocatingElementHandler.invoke(LocatingElementHandler.java:38)
at jdk.proxy2/jdk.proxy2.$Proxy22.getAccessibleName(Unknown Source)
at com.evs.vtiger.utils.KishanWebUtil.mySenkeys(KishanWebUtil.java:116)
at com.evs.vtiger.commonCodes.CommonResuableCode.validLogin(CommonResuableCode.java:19)
at com.evs.vtiger.testScript.BaseClass.beforemethod(BaseClass.java:58)
at java.base/java.util.ArrayList.forEach(ArrayList.java:1596)
... Removed 32 stack frames]]>
    </failure>
  </testcase> <!-- @BeforeMethod beforemethod -->
  <testcase classname="com.evs.vtiger.testScript.BaseClass" name="@AfterMethod aftermethod" time="-1.710845416259E9">
    <skipped/>
  </testcase> <!-- @AfterMethod aftermethod -->
  <testcase classname="com.evs.vtiger.testScript.BaseClass" name="@BeforeMethod beforemethod" time="-1.710845416268E9">
    <skipped/>
  </testcase> <!-- @BeforeMethod beforemethod -->
  <testcase classname="com.evs.vtiger.testScript.BaseClass" name="@AfterMethod aftermethod" time="-1.710845416327E9">
    <skipped/>
  </testcase> <!-- @AfterMethod aftermethod -->
  <testcase classname="com.evs.vtiger.testScript.BaseClass" name="@BeforeMethod beforemethod" time="-1.710845416333E9">
    <skipped/>
  </testcase> <!-- @BeforeMethod beforemethod -->
  <testcase classname="com.evs.vtiger.testScript.BaseClass" name="@AfterMethod aftermethod" time="-1.71084541636E9">
    <skipped/>
  </testcase> <!-- @AfterMethod aftermethod -->
  <testcase classname="com.evs.vtiger.testScript.BaseClass" name="@BeforeMethod beforemethod" time="-1.710845416368E9">
    <skipped/>
  </testcase> <!-- @BeforeMethod beforemethod -->
  <testcase classname="com.evs.vtiger.testScript.BaseClass" name="@AfterMethod aftermethod" time="-1.710845416405E9">
    <skipped/>
  </testcase> <!-- @AfterMethod aftermethod -->
  <testcase classname="com.evs.vtiger.testScript.BaseClass" name="@BeforeMethod beforemethod" time="-1.71084541644E9">
    <skipped/>
  </testcase> <!-- @BeforeMethod beforemethod -->
  <testcase classname="com.evs.vtiger.testScript.BaseClass" name="@AfterMethod aftermethod" time="-1.710845416465E9">
    <skipped/>
  </testcase> <!-- @AfterMethod aftermethod -->
  <testcase classname="com.evs.vtiger.testScript.BaseClass" name="@BeforeMethod beforemethod" time="-1.710845416468E9">
    <skipped/>
  </testcase> <!-- @BeforeMethod beforemethod -->
  <testcase classname="com.evs.vtiger.testScript.BaseClass" name="@AfterMethod aftermethod" time="-1.71084541648E9">
    <skipped/>
  </testcase> <!-- @AfterMethod aftermethod -->
  <testcase classname="com.evs.vtiger.testScript.BaseClass" name="@BeforeMethod beforemethod" time="-1.710845416481E9">
    <skipped/>
  </testcase> <!-- @BeforeMethod beforemethod -->
  <testcase classname="com.evs.vtiger.testScript.BaseClass" name="@AfterMethod aftermethod" time="-1.710845416488E9">
    <skipped/>
  </testcase> <!-- @AfterMethod aftermethod -->
  <testcase classname="com.evs.vtiger.testScript.BaseClass" name="@BeforeMethod beforemethod" time="-1.71084541649E9">
    <skipped/>
  </testcase> <!-- @BeforeMethod beforemethod -->
  <testcase classname="com.evs.vtiger.testScript.BaseClass" name="@AfterMethod aftermethod" time="-1.7108454165E9">
    <skipped/>
  </testcase> <!-- @AfterMethod aftermethod -->
  <testcase classname="com.evs.vtiger.testScript.BaseClass" name="@BeforeMethod beforemethod" time="-1.710845416502E9">
    <skipped/>
  </testcase> <!-- @BeforeMethod beforemethod -->
  <testcase classname="com.evs.vtiger.testScript.BaseClass" name="@AfterMethod aftermethod" time="-1.710845416516E9">
    <skipped/>
  </testcase> <!-- @AfterMethod aftermethod -->
  <testcase classname="com.evs.vtiger.testScript.BaseClass" name="@BeforeMethod beforemethod" time="-1.710845416527E9">
    <skipped/>
  </testcase> <!-- @BeforeMethod beforemethod -->
  <testcase classname="com.evs.vtiger.testScript.BaseClass" name="@AfterMethod aftermethod" time="-1.710845416536E9">
    <skipped/>
  </testcase> <!-- @AfterMethod aftermethod -->
  <testcase classname="com.evs.vtiger.testScript.BaseClass" name="@AfterClass afterclass" time="-1.71084541654E9">
    <skipped/>
  </testcase> <!-- @AfterClass afterclass -->
  <testcase classname="com.evs.vtiger.testScript.Tasks" name="TaskCreation" time="0.0">
    <skipped/>
  </testcase> <!-- TaskCreation -->
  <testcase classname="com.evs.vtiger.testScript.Tasks" name="TaskCreation" time="0.0">
    <skipped/>
  </testcase> <!-- TaskCreation -->
  <testcase classname="com.evs.vtiger.testScript.SuperAdmin" name="lm001employee" time="0.0">
    <skipped/>
  </testcase> <!-- lm001employee -->
  <testcase classname="com.evs.vtiger.testScript.SuperAdmin" name="lm001employee" time="0.0">
    <skipped/>
  </testcase> <!-- lm001employee -->
  <testcase classname="com.evs.vtiger.testScript.SuperAdmin" name="lm001employee" time="0.0">
    <skipped/>
  </testcase> <!-- lm001employee -->
  <testcase classname="com.evs.vtiger.testScript.SuperAdmin" name="lm001employee" time="0.0">
    <skipped/>
  </testcase> <!-- lm001employee -->
  <testcase classname="com.evs.vtiger.testScript.SuperAdmin" name="lm001employee" time="0.0">
    <skipped/>
  </testcase> <!-- lm001employee -->
  <testcase classname="com.evs.vtiger.testScript.SuperAdmin" name="lm001employee" time="0.0">
    <skipped/>
  </testcase> <!-- lm001employee -->
  <testcase classname="com.evs.vtiger.testScript.SuperAdmin" name="lm001employee" time="0.0">
    <skipped/>
  </testcase> <!-- lm001employee -->
  <testcase classname="com.evs.vtiger.testScript.SuperAdmin" name="lm001employee" time="0.0">
    <skipped/>
  </testcase> <!-- lm001employee -->
  <testcase classname="com.evs.vtiger.testScript.SuperAdmin" name="lm001employee" time="0.0">
    <skipped/>
  </testcase> <!-- lm001employee -->
  <testcase classname="com.evs.vtiger.testScript.SuperAdmin" name="lm001employee" time="0.0">
    <skipped/>
  </testcase> <!-- lm001employee -->
  <testcase classname="com.evs.vtiger.testScript.SuperAdmin" name="courseCreation" time="0.0">
    <ignored/>
  </testcase> <!-- courseCreation -->
  <testcase classname="com.evs.vtiger.testScript.SuperAdmin" name="CourseMangement" time="0.0">
    <ignored/>
  </testcase> <!-- CourseMangement -->
  <testcase classname="com.evs.vtiger.testScript.SuperAdmin" name="Universaldelete" time="0.0">
    <ignored/>
  </testcase> <!-- Universaldelete -->
  <testcase classname="com.evs.vtiger.testScript.BaseClass" name="@AfterSuite aftersuit" time="0.0">
    <ignored/>
  </testcase> <!-- @AfterSuite aftersuit -->
  <testcase classname="com.evs.vtiger.testScript.BaseClass" name="@BeforeSuite beforesuit" time="0.0">
    <ignored/>
  </testcase> <!-- @BeforeSuite beforesuit -->
  <testcase classname="com.evs.vtiger.testScript.SuperAdmin" name="createAdmin" time="0.0">
    <ignored/>
  </testcase> <!-- createAdmin -->
  <testcase classname="com.evs.vtiger.testScript.SuperAdmin" name="uploadprofile" time="0.0">
    <ignored/>
  </testcase> <!-- uploadprofile -->
  <testcase classname="com.evs.vtiger.testScript.SuperAdmin" name="uploadfile" time="0.0">
    <ignored/>
  </testcase> <!-- uploadfile -->
  <testcase classname="com.evs.vtiger.testScript.SuperAdmin" name="uploadlogo" time="0.0">
    <ignored/>
  </testcase> <!-- uploadlogo -->
</testsuite> <!-- Test1 -->
